<?xml version="1.0" encoding="UTF-8"?>
<!-- Generated by org.testng.reporters.JUnitReportReporter -->
<testsuite skipped="0" hostname="VDUDDUKU-L470" name="testRunner.RunCukeTest" tests="3" failures="0" timestamp="2020-05-20T15:51:47 IST" time="280.452" errors="0">
  <testcase name="feature" time="102.728" classname="testRunner.RunCukeTest"/>
  <system-out/>
  <testcase name="feature" time="100.948" classname="testRunner.RunCukeTest"/>
  <system-out/>
  <testcase name="feature" time="76.776" classname="testRunner.RunCukeTest"/>
  <system-out/>
</testsuite> <!-- testRunner.RunCukeTest -->
